<?xml version="1.0" encoding="UTF-8"?>
<testsuite xmlns:xsi="http://www.w3.org/2001/XMLSchema-instance" xsi:noNamespaceSchemaLocation="https://maven.apache.org/surefire/maven-surefire-plugin/xsd/surefire-test-report-3.0.xsd" version="3.0" name="com.redis.app.AppTest" time="0.011" tests="1" errors="0" skipped="0" failures="0">
  <properties>
    <property name="java.specification.version" value="21"/>
    <property name="sun.jnu.encoding" value="UTF-8"/>
    <property name="java.class.path" value="/Users/josh.rotenberg/GitHub/joshrotenberg/ru402/src/java/my-app/target/test-classes:/Users/josh.rotenberg/GitHub/joshrotenberg/ru402/src/java/my-app/target/classes:/Users/josh.rotenberg/.m2/repository/junit/junit/3.8.1/junit-3.8.1.jar:/Users/josh.rotenberg/.m2/repository/redis/clients/jedis/5.0.1/jedis-5.0.1.jar:/Users/josh.rotenberg/.m2/repository/org/slf4j/slf4j-api/1.7.36/slf4j-api-1.7.36.jar:/Users/josh.rotenberg/.m2/repository/org/apache/commons/commons-pool2/2.11.1/commons-pool2-2.11.1.jar:/Users/josh.rotenberg/.m2/repository/org/json/json/20230618/json-20230618.jar:/Users/josh.rotenberg/.m2/repository/com/google/code/gson/gson/2.10.1/gson-2.10.1.jar:/Users/josh.rotenberg/.m2/repository/ai/djl/api/0.24.0/api-0.24.0.jar:/Users/josh.rotenberg/.m2/repository/net/java/dev/jna/jna/5.13.0/jna-5.13.0.jar:/Users/josh.rotenberg/.m2/repository/org/apache/commons/commons-compress/1.23.0/commons-compress-1.23.0.jar:/Users/josh.rotenberg/.m2/repository/ai/djl/huggingface/tokenizers/0.24.0/tokenizers-0.24.0.jar:"/>
    <property name="java.vm.vendor" value="Homebrew"/>
    <property name="sun.arch.data.model" value="64"/>
    <property name="java.vendor.url" value="https://github.com/Homebrew/homebrew-core/issues"/>
    <property name="os.name" value="Mac OS X"/>
    <property name="java.vm.specification.version" value="21"/>
    <property name="sun.java.launcher" value="SUN_STANDARD"/>
    <property name="user.country" value="US"/>
    <property name="sun.boot.library.path" value="/opt/homebrew/Cellar/openjdk/21.0.3/libexec/openjdk.jdk/Contents/Home/lib"/>
    <property name="sun.java.command" value="/Users/josh.rotenberg/GitHub/joshrotenberg/ru402/src/java/my-app/target/surefire/surefirebooter-20240528095458379_3.jar /Users/josh.rotenberg/GitHub/joshrotenberg/ru402/src/java/my-app/target/surefire 2024-05-28T09-54-58_352-jvmRun1 surefire-20240528095458379_1tmp surefire_0-20240528095458379_2tmp"/>
    <property name="jdk.debug" value="release"/>
    <property name="surefire.test.class.path" value="/Users/josh.rotenberg/GitHub/joshrotenberg/ru402/src/java/my-app/target/test-classes:/Users/josh.rotenberg/GitHub/joshrotenberg/ru402/src/java/my-app/target/classes:/Users/josh.rotenberg/.m2/repository/junit/junit/3.8.1/junit-3.8.1.jar:/Users/josh.rotenberg/.m2/repository/redis/clients/jedis/5.0.1/jedis-5.0.1.jar:/Users/josh.rotenberg/.m2/repository/org/slf4j/slf4j-api/1.7.36/slf4j-api-1.7.36.jar:/Users/josh.rotenberg/.m2/repository/org/apache/commons/commons-pool2/2.11.1/commons-pool2-2.11.1.jar:/Users/josh.rotenberg/.m2/repository/org/json/json/20230618/json-20230618.jar:/Users/josh.rotenberg/.m2/repository/com/google/code/gson/gson/2.10.1/gson-2.10.1.jar:/Users/josh.rotenberg/.m2/repository/ai/djl/api/0.24.0/api-0.24.0.jar:/Users/josh.rotenberg/.m2/repository/net/java/dev/jna/jna/5.13.0/jna-5.13.0.jar:/Users/josh.rotenberg/.m2/repository/org/apache/commons/commons-compress/1.23.0/commons-compress-1.23.0.jar:/Users/josh.rotenberg/.m2/repository/ai/djl/huggingface/tokenizers/0.24.0/tokenizers-0.24.0.jar:"/>
    <property name="sun.cpu.endian" value="little"/>
    <property name="user.home" value="/Users/josh.rotenberg"/>
    <property name="user.language" value="en"/>
    <property name="java.specification.vendor" value="Oracle Corporation"/>
    <property name="java.version.date" value="2024-04-16"/>
    <property name="java.home" value="/opt/homebrew/Cellar/openjdk/21.0.3/libexec/openjdk.jdk/Contents/Home"/>
    <property name="file.separator" value="/"/>
    <property name="basedir" value="/Users/josh.rotenberg/GitHub/joshrotenberg/ru402/src/java/my-app"/>
    <property name="java.vm.compressedOopsMode" value="Zero based"/>
    <property name="line.separator" value="&#10;"/>
    <property name="java.specification.name" value="Java Platform API Specification"/>
    <property name="java.vm.specification.vendor" value="Oracle Corporation"/>
    <property name="apple.awt.application.name" value="ForkedBooter"/>
    <property name="surefire.real.class.path" value="/Users/josh.rotenberg/GitHub/joshrotenberg/ru402/src/java/my-app/target/surefire/surefirebooter-20240528095458379_3.jar"/>
    <property name="sun.management.compiler" value="HotSpot 64-Bit Tiered Compilers"/>
    <property name="java.runtime.version" value="21.0.3"/>
    <property name="user.name" value="josh.rotenberg"/>
    <property name="stdout.encoding" value="UTF-8"/>
    <property name="path.separator" value=":"/>
    <property name="os.version" value="14.3.1"/>
    <property name="java.runtime.name" value="OpenJDK Runtime Environment"/>
    <property name="file.encoding" value="UTF-8"/>
    <property name="java.vm.name" value="OpenJDK 64-Bit Server VM"/>
    <property name="java.vendor.version" value="Homebrew"/>
    <property name="localRepository" value="/Users/josh.rotenberg/.m2/repository"/>
    <property name="java.vendor.url.bug" value="https://github.com/Homebrew/homebrew-core/issues"/>
    <property name="java.io.tmpdir" value="/var/folders/1p/phn_cd5s3z9b2wjvtthcs_3r0000gp/T/"/>
    <property name="java.version" value="21.0.3"/>
    <property name="user.dir" value="/Users/josh.rotenberg/GitHub/joshrotenberg/ru402/src/java/my-app"/>
    <property name="os.arch" value="aarch64"/>
    <property name="java.vm.specification.name" value="Java Virtual Machine Specification"/>
    <property name="native.encoding" value="UTF-8"/>
    <property name="java.library.path" value="/Users/josh.rotenberg/Library/Java/Extensions:/Library/Java/Extensions:/Network/Library/Java/Extensions:/System/Library/Java/Extensions:/usr/lib/java:."/>
    <property name="java.vm.info" value="mixed mode, sharing"/>
    <property name="stderr.encoding" value="UTF-8"/>
    <property name="java.vendor" value="Homebrew"/>
    <property name="java.vm.version" value="21.0.3"/>
    <property name="sun.io.unicode.encoding" value="UnicodeBig"/>
    <property name="java.class.version" value="65.0"/>
  </properties>
  <testcase name="testApp" classname="com.redis.app.AppTest" time="0.002"/>
</testsuite>